# JRE version: Java(TM) SE Runtime Environment (8.0_221-b11) (build 1.8.0_221-b11)
# Java VM: Java HotSpot(TM) 64-Bit Server VM (25.221-b11 mixed mode windows-amd64 compressed oops)
Heap:
 PSYoungGen      total 349184K, used 308305K [0x00000000e0000000, 0x0000000100000000, 0x0000000100000000)
  eden space 218112K, 85% used [0x00000000e0000000,0x00000000eb69a970,0x00000000ed500000)
  from space 131072K, 92% used [0x00000000f8000000,0x00000000ff679cb8,0x0000000100000000)
  to   space 153088K, 0% used [0x00000000ed500000,0x00000000ed500000,0x00000000f6a80000)
 ParOldGen       total 847360K, used 414282K [0x00000000a0000000, 0x00000000d3b80000, 0x00000000e0000000)
  object space 847360K, 48% used [0x00000000a0000000,0x00000000b9492950,0x00000000d3b80000)
 Metaspace       used 243462K, capacity 256699K, committed 262036K, reserved 1277952K
  class space    used 30229K, capacity 32718K, committed 33724K, reserved 1048576K
GC Heap History (10 events):
Event: 7899.285 GC heap before
{Heap before GC invocations=547 (full 31):
 PSYoungGen      total 385536K, used 268577K [0x00000000e0000000, 0x0000000100000000, 0x0000000100000000)
  eden space 258048K, 100% used [0x00000000e0000000,0x00000000efc00000,0x00000000efc00000)
  from space 127488K, 8% used [0x00000000efc00000,0x00000000f0648720,0x00000000f7880000)
  to   space 125440K, 0% used [0x00000000f8580000,0x00000000f8580000,0x0000000100000000)
 ParOldGen       total 847360K, used 354585K [0x00000000a0000000, 0x00000000d3b80000, 0x00000000e0000000)
  object space 847360K, 41% used [0x00000000a0000000,0x00000000b5a46618,0x00000000d3b80000)
 Metaspace       used 243423K, capacity 256693K, committed 262036K, reserved 1277952K
  class space    used 30228K, capacity 32717K, committed 33724K, reserved 1048576K
Event: 7899.305 GC heap after
Heap after GC invocations=547 (full 31):
 PSYoungGen      total 392704K, used 96K [0x00000000e0000000, 0x00000000ffc00000, 0x0000000100000000)
  eden space 271360K, 0% used [0x00000000e0000000,0x00000000e0000000,0x00000000f0900000)
  from space 121344K, 0% used [0x00000000f8580000,0x00000000f8598000,0x00000000ffc00000)
  to   space 124416K, 0% used [0x00000000f0900000,0x00000000f0900000,0x00000000f8280000)
 ParOldGen       total 847360K, used 365046K [0x00000000a0000000, 0x00000000d3b80000, 0x00000000e0000000)
  object space 847360K, 43% used [0x00000000a0000000,0x00000000b647d988,0x00000000d3b80000)
 Metaspace       used 243423K, capacity 256693K, committed 262036K, reserved 1277952K
  class space    used 30228K, capacity 32717K, committed 33724K, reserved 1048576K
}
Event: 7899.825 GC heap before
{Heap before GC invocations=548 (full 31):
 PSYoungGen      total 392704K, used 271456K [0x00000000e0000000, 0x00000000ffc00000, 0x0000000100000000)
  eden space 271360K, 100% used [0x00000000e0000000,0x00000000f0900000,0x00000000f0900000)
  from space 121344K, 0% used [0x00000000f8580000,0x00000000f8598000,0x00000000ffc00000)
  to   space 124416K, 0% used [0x00000000f0900000,0x00000000f0900000,0x00000000f8280000)
 ParOldGen       total 847360K, used 365046K [0x00000000a0000000, 0x00000000d3b80000, 0x00000000e0000000)
  object space 847360K, 43% used [0x00000000a0000000,0x00000000b647d988,0x00000000d3b80000)
 Metaspace       used 243423K, capacity 256693K, committed 262036K, reserved 1277952K
  class space    used 30228K, capacity 32717K, committed 33724K, reserved 1048576K
Event: 7899.841 GC heap after
Heap after GC invocations=548 (full 31):
 PSYoungGen      total 395776K, used 64K [0x00000000e0000000, 0x00000000fff00000, 0x0000000100000000)
  eden space 271360K, 0% used [0x00000000e0000000,0x00000000e0000000,0x00000000f0900000)
  from space 124416K, 0% used [0x00000000f0900000,0x00000000f0910000,0x00000000f8280000)
  to   space 122368K, 0% used [0x00000000f8780000,0x00000000f8780000,0x00000000fff00000)
 ParOldGen       total 847360K, used 365062K [0x00000000a0000000, 0x00000000d3b80000, 0x00000000e0000000)
  object space 847360K, 43% used [0x00000000a0000000,0x00000000b6481988,0x00000000d3b80000)
 Metaspace       used 243423K, capacity 256693K, committed 262036K, reserved 1277952K
  class space    used 30228K, capacity 32717K, committed 33724K, reserved 1048576K
}
Event: 7900.360 GC heap before
{Heap before GC invocations=549 (full 31):
 PSYoungGen      total 395776K, used 271424K [0x00000000e0000000, 0x00000000fff00000, 0x0000000100000000)
  eden space 271360K, 100% used [0x00000000e0000000,0x00000000f0900000,0x00000000f0900000)
  from space 124416K, 0% used [0x00000000f0900000,0x00000000f0910000,0x00000000f8280000)
  to   space 122368K, 0% used [0x00000000f8780000,0x00000000f8780000,0x00000000fff00000)
 ParOldGen       total 847360K, used 365062K [0x00000000a0000000, 0x00000000d3b80000, 0x00000000e0000000)
  object space 847360K, 43% used [0x00000000a0000000,0x00000000b6481988,0x00000000d3b80000)
 Metaspace       used 243423K, capacity 256693K, committed 262036K, reserved 1277952K
  class space    used 30228K, capacity 32717K, committed 33724K, reserved 1048576K
Event: 7900.371 GC heap after
Heap after GC invocations=549 (full 31):
 PSYoungGen      total 392704K, used 64K [0x00000000e0000000, 0x00000000ff800000, 0x0000000100000000)
  eden space 277504K, 0% used [0x00000000e0000000,0x00000000e0000000,0x00000000f0f00000)
  from space 115200K, 0% used [0x00000000f8780000,0x00000000f8790000,0x00000000ff800000)
  to   space 119296K, 0% used [0x00000000f0f00000,0x00000000f0f00000,0x00000000f8380000)
 ParOldGen       total 847360K, used 365070K [0x00000000a0000000, 0x00000000d3b80000, 0x00000000e0000000)
  object space 847360K, 43% used [0x00000000a0000000,0x00000000b6483988,0x00000000d3b80000)
 Metaspace       used 243423K, capacity 256693K, committed 262036K, reserved 1277952K
  class space    used 30228K, capacity 32717K, committed 33724K, reserved 1048576K
}
Event: 7901.735 GC heap before
{Heap before GC invocations=550 (full 31):
 PSYoungGen      total 392704K, used 277568K [0x00000000e0000000, 0x00000000ff800000, 0x0000000100000000)
  eden space 277504K, 100% used [0x00000000e0000000,0x00000000f0f00000,0x00000000f0f00000)
  from space 115200K, 0% used [0x00000000f8780000,0x00000000f8790000,0x00000000ff800000)
  to   space 119296K, 0% used [0x00000000f0f00000,0x00000000f0f00000,0x00000000f8380000)
 ParOldGen       total 847360K, used 365070K [0x00000000a0000000, 0x00000000d3b80000, 0x00000000e0000000)
  object space 847360K, 43% used [0x00000000a0000000,0x00000000b6483988,0x00000000d3b80000)
 Metaspace       used 243446K, capacity 256699K, committed 262036K, reserved 1277952K
  class space    used 30229K, capacity 32718K, committed 33724K, reserved 1048576K
Event: 7901.843 GC heap after
Heap after GC invocations=550 (full 31):
 PSYoungGen      total 364544K, used 86876K [0x00000000e0000000, 0x0000000100000000, 0x0000000100000000)
  eden space 277504K, 0% used [0x00000000e0000000,0x00000000e0000000,0x00000000f0f00000)
  from space 87040K, 99% used [0x00000000f0f00000,0x00000000f63d7048,0x00000000f6400000)
  to   space 131072K, 0% used [0x00000000f8000000,0x00000000f8000000,0x0000000100000000)
 ParOldGen       total 847360K, used 365078K [0x00000000a0000000, 0x00000000d3b80000, 0x00000000e0000000)
  object space 847360K, 43% used [0x00000000a0000000,0x00000000b6485988,0x00000000d3b80000)
 Metaspace       used 243446K, capacity 256699K, committed 262036K, reserved 1277952K
  class space    used 30229K, capacity 32718K, committed 33724K, reserved 1048576K
}
Event: 7903.379 GC heap before
{Heap before GC invocations=551 (full 31):
 PSYoungGen      total 364544K, used 364380K [0x00000000e0000000, 0x0000000100000000, 0x0000000100000000)
  eden space 277504K, 100% used [0x00000000e0000000,0x00000000f0f00000,0x00000000f0f00000)
  from space 87040K, 99% used [0x00000000f0f00000,0x00000000f63d7048,0x00000000f6400000)
  to   space 131072K, 0% used [0x00000000f8000000,0x00000000f8000000,0x0000000100000000)
 ParOldGen       total 847360K, used 365078K [0x00000000a0000000, 0x00000000d3b80000, 0x00000000e0000000)
  object space 847360K, 43% used [0x00000000a0000000,0x00000000b6485988,0x00000000d3b80000)
 Metaspace       used 243455K, capacity 256699K, committed 262036K, reserved 1277952K
  class space    used 30229K, capacity 32718K, committed 33724K, reserved 1048576K
Event: 7903.675 GC heap after
Heap after GC invocations=551 (full 31):
 PSYoungGen      total 349184K, used 121319K [0x00000000e0000000, 0x0000000100000000, 0x0000000100000000)
  eden space 218112K, 0% used [0x00000000e0000000,0x00000000e0000000,0x00000000ed500000)
  from space 131072K, 92% used [0x00000000f8000000,0x00000000ff679cb8,0x0000000100000000)
  to   space 153088K, 0% used [0x00000000ed500000,0x00000000ed500000,0x00000000f6a80000)
 ParOldGen       total 847360K, used 414282K [0x00000000a0000000, 0x00000000d3b80000, 0x00000000e0000000)
  object space 847360K, 48% used [0x00000000a0000000,0x00000000b9492950,0x00000000d3b80000)
 Metaspace       used 243455K, capacity 256699K, committed 262036K, reserved 1277952K
  class space    used 30229K, capacity 32718K, committed 33724K, reserved 1048576K
}

